\BOOKMARK [1][-]{section.1}{\376\377\000I\000n\000t\000r\000o\000d\000u\000c\000t\000i\000o\000n}{}% 1
\BOOKMARK [1][-]{section.2}{\376\377\000R\000e\000l\000a\000t\000e\000d\000\040\000w\000o\000r\000k}{}% 2
\BOOKMARK [2][-]{subsection.2.1}{\376\377\000O\000O\000D\000\040\000g\000e\000n\000e\000r\000a\000l\000i\000z\000a\000t\000i\000o\000n\000\040\000i\000n\000\040\000R\000L}{section.2}% 3
\BOOKMARK [2][-]{subsection.2.2}{\376\377\000N\000e\000u\000r\000a\000l\000\040\000a\000r\000i\000t\000h\000m\000e\000t\000i\000c\000\040\000u\000n\000i\000t\000s}{section.2}% 4
\BOOKMARK [2][-]{subsection.2.3}{\376\377\000S\000y\000m\000b\000o\000l\000i\000c\000\040\000r\000e\000g\000r\000e\000s\000s\000i\000o\000n\000\040\000a\000n\000d\000\040\000S\000I\000N\000D\000y}{section.2}% 5
\BOOKMARK [2][-]{subsection.2.4}{\376\377\000C\000a\000u\000s\000a\000l\000\040\000R\000L\000\040\000a\000n\000d\000\040\000i\000n\000v\000a\000r\000i\000a\000n\000t\000\040\000r\000i\000s\000k\000\040\000m\000i\000n\000i\000m\000i\000z\000a\000t\000i\000o\000n}{section.2}% 6
\BOOKMARK [2][-]{subsection.2.5}{\376\377\000P\000h\000y\000s\000i\000c\000s\000-\000i\000n\000f\000o\000r\000m\000e\000d\000\040\000M\000L\000\040\000a\000n\000d\000\040\000R\000e\000L\000U\000\040\000f\000a\000i\000l\000u\000r\000e\000s}{section.2}% 7
\BOOKMARK [2][-]{subsection.2.6}{\376\377\000F\000o\000r\000m\000a\000l\000\040\000v\000e\000r\000i\000f\000i\000c\000a\000t\000i\000o\000n\000\040\000i\000n\000\040\000R\000L}{section.2}% 8
\BOOKMARK [1][-]{section.3}{\376\377\000S\000c\000o\000p\000e\000\040\000a\000n\000d\000\040\000a\000p\000p\000l\000i\000c\000a\000b\000i\000l\000i\000t\000y}{}% 9
\BOOKMARK [1][-]{section.4}{\376\377\000P\000r\000e\000l\000i\000m\000i\000n\000a\000r\000i\000e\000s}{}% 10
\BOOKMARK [2][-]{subsection.4.1}{\376\377\000M\000a\000x\000i\000m\000u\000m\000\040\000e\000n\000t\000r\000o\000p\000y\000\040\000R\000L}{section.4}% 11
\BOOKMARK [2][-]{subsection.4.2}{\376\377\000B\000A\000P\000R\000\040\000f\000r\000a\000m\000e\000w\000o\000r\000k}{section.4}% 12
\BOOKMARK [1][-]{section.5}{\376\377\000M\000e\000t\000h\000o\000d\000o\000l\000o\000g\000y}{}% 13
\BOOKMARK [2][-]{subsection.5.1}{\376\377\000T\000h\000e\000\040\000O\000O\000D\000\040\000e\000x\000t\000r\000a\000p\000o\000l\000a\000t\000i\000o\000n\000\040\000p\000r\000o\000b\000l\000e\000m}{section.5}% 14
\BOOKMARK [2][-]{subsection.5.2}{\376\377\000P\000i\000l\000l\000a\000r\000\040\000I\000\040\000\050\000p\000r\000i\000m\000a\000r\000y\000\051\000:\000\040\000N\000A\000U\000/\000N\000M\000U\000\040\000a\000r\000i\000t\000h\000m\000e\000t\000i\000c\000\040\000b\000i\000a\000s}{section.5}% 15
\BOOKMARK [2][-]{subsection.5.3}{\376\377\000T\000r\000a\000i\000n\000i\000n\000g\000\040\000s\000t\000a\000b\000i\000l\000i\000z\000a\000t\000i\000o\000n\000\040\000f\000o\000r\000\040\000t\000h\000e\000\040\000N\000A\000U\000\040\000a\000c\000t\000o\000r}{section.5}% 16
\BOOKMARK [2][-]{subsection.5.4}{\376\377\000\050\000O\000p\000t\000i\000o\000n\000a\000l\000\051\000\040\000P\000i\000l\000l\000a\000r\000\040\000I\000I\000:\000\040\000S\000I\000N\000D\000y\000\040\000s\000y\000m\000b\000o\000l\000i\000c\000\040\000d\000i\000s\000c\000o\000v\000e\000r\000y}{section.5}% 17
\BOOKMARK [2][-]{subsection.5.5}{\376\377\000\050\000O\000p\000t\000i\000o\000n\000a\000l\000\051\000\040\000P\000i\000l\000l\000a\000r\000\040\000I\000I\000I\000:\000\040\000I\000R\000M\000\040\000i\000n\000v\000a\000r\000i\000a\000n\000c\000e\000\040\000f\000i\000l\000t\000e\000r\000i\000n\000g}{section.5}% 18
\BOOKMARK [2][-]{subsection.5.6}{\376\377\000C\000S\000-\000B\000A\000P\000R\000\040\000B\000e\000l\000l\000m\000a\000n\000\040\000o\000p\000e\000r\000a\000t\000o\000r}{section.5}% 19
\BOOKMARK [2][-]{subsection.5.7}{\376\377\000C\000o\000m\000p\000o\000n\000e\000n\000t\000\040\000c\000o\000m\000p\000o\000s\000i\000t\000i\000o\000n\000:\000\040\000f\000r\000o\000m\000\040\000p\000i\000l\000l\000a\000r\000s\000\040\000t\000o\000\040\000b\000o\000u\000n\000d\000\040\000h\000y\000p\000o\000t\000h\000e\000s\000e\000s}{section.5}% 20
\BOOKMARK [2][-]{subsection.5.8}{\376\377\000M\000a\000i\000n\000\040\000t\000h\000e\000o\000r\000e\000m\000:\000\040\000O\000O\000D\000\040\000e\000x\000t\000r\000a\000p\000o\000l\000a\000t\000i\000o\000n\000\040\000s\000t\000a\000b\000i\000l\000i\000t\000y}{section.5}% 21
\BOOKMARK [2][-]{subsection.5.9}{\376\377\000C\000S\000-\000B\000A\000P\000R\000\040\000a\000l\000g\000o\000r\000i\000t\000h\000m}{section.5}% 22
\BOOKMARK [1][-]{section.6}{\376\377\000E\000x\000p\000e\000r\000i\000m\000e\000n\000t\000s}{}% 23
\BOOKMARK [2][-]{subsection.6.1}{\376\377\000B\000e\000n\000c\000h\000m\000a\000r\000k\000:\000\040\000S\000U\000M\000O\000-\000c\000a\000l\000i\000b\000r\000a\000t\000e\000d\000\040\0001\0002\000-\000l\000i\000n\000e\000\040\000t\000r\000a\000n\000s\000i\000t\000\040\000h\000o\000l\000d\000i\000n\000g}{section.6}% 24
\BOOKMARK [2][-]{subsection.6.2}{\376\377\000I\000n\000-\000d\000i\000s\000t\000r\000i\000b\000u\000t\000i\000o\000n\000\040\000c\000o\000n\000v\000e\000r\000g\000e\000n\000c\000e\000\040\000\050\000Q\0001\000\051}{section.6}% 25
\BOOKMARK [2][-]{subsection.6.3}{\376\377\000M\000a\000g\000n\000i\000t\000u\000d\000e\000\040\000O\000O\000D\000\040\000\050\000Q\0002\000,\000\040\000Q\0003\000\051}{section.6}% 26
\BOOKMARK [2][-]{subsection.6.4}{\376\377\000T\000h\000e\000o\000r\000y\000-\000e\000x\000p\000e\000r\000i\000m\000e\000n\000t\000\040\000a\000l\000i\000g\000n\000m\000e\000n\000t\000\040\000\050\000Q\0004\000\051}{section.6}% 27
\BOOKMARK [2][-]{subsection.6.5}{\376\377\000A\000d\000d\000i\000t\000i\000o\000n\000a\000l\000\040\000b\000e\000n\000c\000h\000m\000a\000r\000k\000s}{section.6}% 28
\BOOKMARK [2][-]{subsection.6.6}{\376\377\000A\000d\000d\000i\000t\000i\000o\000n\000a\000l\000\040\000a\000n\000a\000l\000y\000s\000i\000s}{section.6}% 29
\BOOKMARK [1][-]{section.7}{\376\377\000C\000o\000n\000c\000l\000u\000s\000i\000o\000n}{}% 30
\BOOKMARK [1][-]{appendix.A}{\376\377\000L\000e\000a\000n\000\040\0004\000\040\000P\000r\000o\000o\000f\000\040\000O\000v\000e\000r\000v\000i\000e\000w}{}% 31
\BOOKMARK [1][-]{appendix.B}{\376\377\000C\000o\000m\000p\000l\000e\000t\000e\000\040\000P\000r\000o\000o\000f\000s}{}% 32
\BOOKMARK [2][-]{subsection.B.1}{\376\377\000P\000r\000o\000o\000f\000\040\000o\000f\000\040\000T\000h\000e\000o\000r\000e\000m\000\040\0005\000.\0003\0005\000\040\000\050\0001\000D\000\040\000O\000O\000D\000\040\000S\000t\000a\000b\000i\000l\000i\000t\000y\000\040\000B\000o\000u\000n\000d\000\051}{appendix.B}% 33
\BOOKMARK [2][-]{subsection.B.2}{\376\377\000P\000r\000o\000o\000f\000\040\000o\000f\000\040\000T\000h\000e\000o\000r\000e\000m\000\040\0005\000.\0003\0006\000\040\000\050\000n\000-\000D\000\040\000L\000i\000n\000e\000a\000r\000\040\000B\000o\000u\000n\000d\000\051}{appendix.B}% 34
\BOOKMARK [2][-]{subsection.B.3}{\376\377\000P\000r\000o\000o\000f\000\040\000o\000f\000\040\000T\000h\000e\000o\000r\000e\000m\000\040\0005\000.\0003\0008\000\040\000\050\000n\000-\000D\000\040\000Q\000u\000a\000d\000r\000a\000t\000i\000c\000\040\000O\000O\000D\000\040\000B\000o\000u\000n\000d\000\040\040\024\000\040\000M\000a\000i\000n\000\040\000R\000e\000s\000u\000l\000t\000\051}{appendix.B}% 35
\BOOKMARK [2][-]{subsection.B.4}{\376\377\000P\000r\000o\000o\000f\000\040\000o\000f\000\040\000T\000h\000e\000o\000r\000e\000m\000\040\0005\000.\0002\0005\000\040\000\050\000C\000S\000-\000B\000A\000P\000R\000\040\000C\000o\000n\000t\000r\000a\000c\000t\000i\000o\000n\000\051}{appendix.B}% 36
\BOOKMARK [1][-]{appendix.C}{\376\377\000R\000e\000m\000a\000i\000n\000i\000n\000g\000\040\000P\000r\000o\000o\000f\000s}{}% 37
\BOOKMARK [2][-]{subsection.C.1}{\376\377\000P\000r\000o\000o\000f\000\040\000o\000f\000\040\000L\000e\000m\000m\000a\000\040\0005\000.\0003\0004\000\040\000\050\000L\000i\000n\000e\000a\000r\000\040\000E\000r\000r\000o\000r\000\040\000G\000r\000o\000w\000t\000h\000\051}{appendix.C}% 38
\BOOKMARK [2][-]{subsection.C.2}{\376\377\000P\000r\000o\000o\000f\000\040\000o\000f\000\040\000L\000e\000m\000m\000a\000\040\0005\000.\0003\0007\000\040\000\050\000P\000a\000t\000h\000-\000L\000e\000v\000e\000l\000\040\000F\000e\000n\000c\000i\000n\000g\000\051}{appendix.C}% 39
\BOOKMARK [2][-]{subsection.C.3}{\376\377\000P\000r\000o\000o\000f\000\040\000o\000f\000\040\000T\000h\000e\000o\000r\000e\000m\000\040\0005\000.\0001\0000\000\040\000\050\000N\000A\000U\000\040\000D\000e\000r\000i\000v\000a\000t\000i\000v\000e\000\040\000C\000o\000n\000s\000t\000a\000n\000c\000y\000\051}{appendix.C}% 40
\BOOKMARK [2][-]{subsection.C.4}{\376\377\000P\000r\000o\000o\000f\000\040\000o\000f\000\040\000C\000o\000r\000o\000l\000l\000a\000r\000y\000\040\0005\000.\0001\0008\000\040\000\050\000T\000i\000g\000h\000t\000\040\000S\000I\000N\000D\000y\000\040\000C\000o\000n\000s\000i\000s\000t\000e\000n\000c\000y\000\051}{appendix.C}% 41
\BOOKMARK [2][-]{subsection.C.5}{\376\377\000P\000r\000o\000o\000f\000\040\000o\000f\000\040\000T\000h\000e\000o\000r\000e\000m\000\040\0005\000.\0002\0003\000\040\000\050\000F\000u\000l\000l\000\040\000I\000R\000M\000-\000t\000o\000-\000O\000O\000D\000\040\000P\000i\000p\000e\000l\000i\000n\000e\000\051}{appendix.C}% 42
\BOOKMARK [2][-]{subsection.C.6}{\376\377\000P\000r\000o\000o\000f\000\040\000o\000f\000\040\000C\000o\000r\000o\000l\000l\000a\000r\000y\000\040\0004\000.\0001\0002\000\040\000\050\000C\000o\000n\000t\000r\000a\000c\000t\000i\000o\000n\000\040\000A\000f\000t\000e\000r\000\040\000B\000e\000l\000i\000e\000f\000\040\000U\000p\000d\000a\000t\000e\000\051}{appendix.C}% 43
\BOOKMARK [1][-]{appendix.D}{\376\377\000C\000S\000-\000B\000A\000P\000R\000\040\000O\000p\000e\000r\000a\000t\000o\000r\000:\000\040\000D\000e\000t\000a\000i\000l\000e\000d\000\040\000D\000e\000r\000i\000v\000a\000t\000i\000o\000n}{}% 44
\BOOKMARK [2][-]{subsection.D.1}{\376\377\000R\000e\000l\000a\000t\000i\000o\000n\000s\000h\000i\000p\000\040\000t\000o\000\040\000B\000A\000P\000R\000\040\000a\000n\000d\000\040\000R\000E\000-\000S\000A\000C\000\040\000o\000p\000e\000r\000a\000t\000o\000r\000s}{appendix.D}% 45
\BOOKMARK [2][-]{subsection.D.2}{\376\377\000W\000h\000y\000\040\000s\000y\000m\000\040\000c\000a\000n\000c\000e\000l\000s\000\040\000i\000n\000\040\000c\000o\000n\000t\000r\000a\000c\000t\000i\000o\000n}{appendix.D}% 46
\BOOKMARK [2][-]{subsection.D.3}{\376\377\000F\000r\000o\000z\000e\000n\000-\000p\000a\000r\000a\000m\000e\000t\000e\000r\000\040\000r\000e\000q\000u\000i\000r\000e\000m\000e\000n\000t\000\040\000f\000o\000r\000\040\000s\000y\000m}{appendix.D}% 47
\BOOKMARK [1][-]{appendix.E}{\376\377\000S\000I\000N\000D\000y\000\040\000I\000m\000p\000l\000e\000m\000e\000n\000t\000a\000t\000i\000o\000n\000\040\000D\000e\000t\000a\000i\000l\000s}{}% 48
\BOOKMARK [2][-]{subsection.E.1}{\376\377\000S\000t\000a\000t\000e\000\040\000d\000e\000r\000i\000v\000a\000t\000i\000v\000e\000\040\000e\000s\000t\000i\000m\000a\000t\000i\000o\000n}{appendix.E}% 49
\BOOKMARK [2][-]{subsection.E.2}{\376\377\000S\000I\000N\000D\000y\000-\000t\000o\000-\000P\000y\000T\000o\000r\000c\000h\000\040\000b\000r\000i\000d\000g\000e}{appendix.E}% 50
\BOOKMARK [2][-]{subsection.E.3}{\376\377\000Q\000u\000a\000l\000i\000t\000y\000\040\000v\000e\000r\000i\000f\000i\000c\000a\000t\000i\000o\000n}{appendix.E}% 51
\BOOKMARK [1][-]{appendix.F}{\376\377\000N\000A\000U\000/\000N\000M\000U\000\040\000A\000r\000c\000h\000i\000t\000e\000c\000t\000u\000r\000e\000\040\000D\000e\000t\000a\000i\000l\000s}{}% 52
\BOOKMARK [2][-]{subsection.F.1}{\376\377\000N\000A\000U\000\040\000w\000e\000i\000g\000h\000t\000\040\000d\000i\000s\000c\000r\000e\000t\000i\000z\000a\000t\000i\000o\000n}{appendix.F}% 53
\BOOKMARK [2][-]{subsection.F.2}{\376\377\000A\000c\000t\000o\000r\000\040\000a\000r\000c\000h\000i\000t\000e\000c\000t\000u\000r\000e}{appendix.F}% 54
\BOOKMARK [2][-]{subsection.F.3}{\376\377\000E\000f\000f\000e\000c\000t\000i\000v\000e\000\040\000L\000i\000p\000s\000c\000h\000i\000t\000z\000\040\000d\000e\000r\000i\000v\000a\000t\000i\000v\000e\000\040\000c\000o\000n\000s\000t\000a\000n\000t\000\040\000L\000e\000f\000f}{appendix.F}% 55
\BOOKMARK [1][-]{appendix.G}{\376\377\000I\000R\000M\000\040\000F\000i\000l\000t\000e\000r\000i\000n\000g\000\040\000P\000r\000o\000t\000o\000c\000o\000l}{}% 56
\BOOKMARK [2][-]{subsection.G.1}{\376\377\000M\000u\000l\000t\000i\000-\000e\000n\000v\000i\000r\000o\000n\000m\000e\000n\000t\000\040\000s\000e\000t\000u\000p}{appendix.G}% 57
\BOOKMARK [2][-]{subsection.G.2}{\376\377\000F\000o\000r\000m\000u\000l\000a\000\040\000s\000e\000l\000e\000c\000t\000i\000o\000n}{appendix.G}% 58
\BOOKMARK [1][-]{appendix.H}{\376\377\000H\000y\000p\000e\000r\000p\000a\000r\000a\000m\000e\000t\000e\000r\000\040\000C\000o\000n\000f\000i\000g\000u\000r\000a\000t\000i\000o\000n}{}% 59
\BOOKMARK [1][-]{appendix.I}{\376\377\000P\000r\000o\000o\000f\000\040\000S\000k\000e\000t\000c\000h\000:\000\040\000C\000o\000m\000p\000o\000n\000e\000n\000t\000\040\000H\000y\000p\000o\000t\000h\000e\000s\000e\000s\000\040\000I\000m\000p\000l\000y\000\040\000D\000e\000r\000i\000v\000a\000t\000i\000v\000e\000\040\000B\000o\000u\000n\000d}{}% 60
\BOOKMARK [1][-]{appendix.J}{\376\377\000F\000o\000r\000m\000a\000l\000i\000z\000a\000t\000i\000o\000n\000:\000\040\000D\000a\000t\000a\000\040\000S\000t\000r\000u\000c\000t\000u\000r\000e\000\040\000D\000e\000s\000i\000g\000n}{}% 61
\BOOKMARK [2][-]{subsection.J.1}{\376\377\000N\000A\000U\000\040\000L\000a\000y\000e\000r}{appendix.J}% 62
\BOOKMARK [2][-]{subsection.J.2}{\376\377\000S\000I\000N\000D\000y\000\040\000C\000o\000e\000f\000f\000i\000c\000i\000e\000n\000t\000s\000\040\000a\000n\000d\000\040\000R\000e\000c\000o\000n\000s\000t\000r\000u\000c\000t\000i\000o\000n}{appendix.J}% 63
\BOOKMARK [2][-]{subsection.J.3}{\376\377\000I\000R\000M\000\040\000E\000n\000v\000i\000r\000o\000n\000m\000e\000n\000t}{appendix.J}% 64
\BOOKMARK [2][-]{subsection.J.4}{\376\377\000N\000M\000U\000\040\000U\000n\000i\000t}{appendix.J}% 65
